<?xml version="1.0" encoding="UTF-8"?>
<testsuite name="com.theleakmark.gateway.filters.pre.SimpleFilterTest" tests="4" skipped="0" failures="0" errors="0" timestamp="2017-10-01T08:25:58" hostname="Giorgoss-MBP" time="0.238">
  <properties/>
  <testcase name="testFilterOrder" classname="com.theleakmark.gateway.filters.pre.SimpleFilterTest" time="0.006"/>
  <testcase name="testRun" classname="com.theleakmark.gateway.filters.pre.SimpleFilterTest" time="0.23"/>
  <testcase name="testShouldFilter" classname="com.theleakmark.gateway.filters.pre.SimpleFilterTest" time="0.002"/>
  <testcase name="testFilterType" classname="com.theleakmark.gateway.filters.pre.SimpleFilterTest" time="0.0"/>
  <system-out><![CDATA[2017-10-01 09:25:58.517  WARN 80270 --- [    Test worker] c.n.c.sources.URLConfigurationSource     : No URLs will be polled as dynamic configuration sources.
2017-10-01 09:25:58.518  INFO 80270 --- [    Test worker] c.n.c.sources.URLConfigurationSource     : To enable URLs as dynamic configuration sources, define System property archaius.configurationSource.additionalUrls or make config.properties available on classpath.
2017-10-01 09:25:58.518  INFO 80270 --- [    Test worker] c.netflix.config.DynamicPropertyFactory  : DynamicPropertyFactory is initialized with configuration sources: com.netflix.config.ConcurrentCompositeConfiguration@6ed33e22
2017-10-01 09:25:58.742  INFO 80270 --- [    Test worker] c.t.gateway.filters.pre.SimpleFilter     : GET request to http://foo
]]></system-out>
  <system-err><![CDATA[]]></system-err>
</testsuite>
