<?xml version="1.0" encoding="UTF-8"?>
<testsuite name="com.theleakmark.gateway.services.ProductServiceImplSpyTest" tests="3" skipped="0" failures="0" errors="0" timestamp="2017-10-01T09:40:50" hostname="Giorgoss-MBP" time="0.05">
  <properties/>
  <testcase name="shouldVerifyThatSaveProductIsNotCalled" classname="com.theleakmark.gateway.services.ProductServiceImplSpyTest" time="0.001"/>
  <testcase name="shouldThrowNullPointerException_whenGetProductByIdIsCalledWithoutContext" classname="com.theleakmark.gateway.services.ProductServiceImplSpyTest" time="0.043"/>
  <testcase name="shouldVerifyThatGetProductByIdIsCalled" classname="com.theleakmark.gateway.services.ProductServiceImplSpyTest" time="0.002"/>
  <system-out><![CDATA[]]></system-out>
  <system-err><![CDATA[]]></system-err>
</testsuite>
